<?xml version="1.0" encoding="UTF-8"?>
<testng-results ignored="0" total="1" passed="1" failed="0" skipped="0">
  <reporter-output>
  </reporter-output>
  <suite started-at="2022-12-03T22:12:05 BDT" name="Default suite" finished-at="2022-12-03T22:12:23 BDT" duration-ms="17508">
    <groups>
    </groups>
    <test started-at="2022-12-03T22:12:05 BDT" name="Default test" finished-at="2022-12-03T22:12:23 BDT" duration-ms="17508">
      <class name="testcases.loginFunctionalityRunner">
        <test-method signature="userLogin()[pri:0, instance:testcases.loginFunctionalityRunner@37858383]" started-at="2022-12-03T22:12:06 BDT" name="userLogin" finished-at="2022-12-03T22:12:23 BDT" duration-ms="17471" status="PASS">
          <reporter-output>
          </reporter-output>
        </test-method> <!-- userLogin -->
      </class> <!-- testcases.loginFunctionalityRunner -->
    </test> <!-- Default test -->
  </suite> <!-- Default suite -->
</testng-results>
