<?xml version="1.0" encoding="UTF-8"?>
<!-- Generated by org.testng.reporters.JUnitXMLReporter -->
<testsuite ignored="0" hostname="Karubid-Design" failures="0" tests="3" name="Test" time="33.698" errors="0" timestamp="2022-11-12T21:37:38 BDT">
  <testcase classname="testcases.T03_RegistrationpageValidation" name="RegistrationpageValidation" time="10.195"/>
  <testcase classname="testcases.T01_HomepageValidation" name="HomepageValidation" time="6.251"/>
  <testcase classname="testcases.T02_LoginpageValidation" name="LoginpageValidation" time="12.543"/>
</testsuite> <!-- Test -->
